2024-02-02 18:17:56.055  INFO 1688 --- [restartedMain] com.mysit.sbb.SbbApplication             : Starting SbbApplication using Java 17.0.9 with PID 1688 (C:\WorkSpace-STS4\sbb\bin\main started by hi in C:\WorkSpace-STS4\sbb)
2024-02-02 18:17:56.056  INFO 1688 --- [restartedMain] com.mysit.sbb.SbbApplication             : No active profile set, falling back to 1 default profile: "default"
2024-02-02 18:17:56.212  INFO 1688 --- [restartedMain] .s.d.r.c.RepositoryConfigurationDelegate : Bootstrapping Spring Data JPA repositories in DEFAULT mode.
2024-02-02 18:17:56.220  INFO 1688 --- [restartedMain] .s.d.r.c.RepositoryConfigurationDelegate : Finished Spring Data repository scanning in 8 ms. Found 3 JPA repository interfaces.
2024-02-02 18:17:56.304  INFO 1688 --- [restartedMain] o.s.b.w.embedded.tomcat.TomcatWebServer  : Tomcat initialized with port 8585 (http)
2024-02-02 18:17:56.304  INFO 1688 --- [restartedMain] o.apache.catalina.core.StandardService   : Starting service [Tomcat]
2024-02-02 18:17:56.305  INFO 1688 --- [restartedMain] o.apache.catalina.core.StandardEngine    : Starting Servlet engine: [Apache Tomcat/10.1.17]
2024-02-02 18:17:56.323  INFO 1688 --- [restartedMain] o.a.c.c.C.[Tomcat].[localhost].[/]       : Initializing Spring embedded WebApplicationContext
2024-02-02 18:17:56.323  INFO 1688 --- [restartedMain] w.s.c.ServletWebServerApplicationContext : Root WebApplicationContext: initialization completed in 265 ms
2024-02-02 18:17:56.333  INFO 1688 --- [restartedMain] com.zaxxer.hikari.HikariDataSource       : HikariPool-2 - Starting...
2024-02-02 18:17:56.343  INFO 1688 --- [restartedMain] com.zaxxer.hikari.pool.HikariPool        : HikariPool-2 - Added connection conn21: url=jdbc:h2:~/local200 user=SA
2024-02-02 18:17:56.343  INFO 1688 --- [restartedMain] com.zaxxer.hikari.HikariDataSource       : HikariPool-2 - Start completed.
2024-02-02 18:17:56.343  INFO 1688 --- [restartedMain] o.s.b.a.h2.H2ConsoleAutoConfiguration    : H2 console available at '/h2-console'. Database available at 'jdbc:h2:~/local200'
2024-02-02 18:17:56.367  INFO 1688 --- [restartedMain] o.hibernate.jpa.internal.util.LogHelper  : HHH000204: Processing PersistenceUnitInfo [name: default]
2024-02-02 18:17:56.369  INFO 1688 --- [restartedMain] o.h.c.internal.RegionFactoryInitiator    : HHH000026: Second-level cache disabled
2024-02-02 18:17:56.373  INFO 1688 --- [restartedMain] o.s.o.j.p.SpringPersistenceUnitInfo      : No LoadTimeWeaver setup: ignoring JPA class transformer
2024-02-02 18:17:56.374  WARN 1688 --- [restartedMain] org.hibernate.orm.deprecation            : HHH90000025: H2Dialect does not need to be specified explicitly using 'hibernate.dialect' (remove the property setting and it will be selected by default)
2024-02-02 18:17:56.415  INFO 1688 --- [restartedMain] o.h.e.t.j.p.i.JtaPlatformInitiator       : HHH000489: No JTA platform available (set 'hibernate.transaction.jta.platform' to enable JTA platform integration)
2024-02-02 18:17:56.418  INFO 1688 --- [restartedMain] j.LocalContainerEntityManagerFactoryBean : Initialized JPA EntityManagerFactory for persistence unit 'default'
2024-02-02 18:17:56.528  WARN 1688 --- [restartedMain] JpaBaseConfiguration$JpaWebConfiguration : spring.jpa.open-in-view is enabled by default. Therefore, database queries may be performed during view rendering. Explicitly configure spring.jpa.open-in-view to disable this warning
2024-02-02 18:17:56.598  INFO 1688 --- [restartedMain] o.s.s.web.DefaultSecurityFilterChain     : Will secure any request with [org.springframework.security.web.session.DisableEncodeUrlFilter@7a9cc5b7, org.springframework.security.web.context.request.async.WebAsyncManagerIntegrationFilter@24d235b1, org.springframework.security.web.context.SecurityContextHolderFilter@73c6afcf, org.springframework.security.web.header.HeaderWriterFilter@26677089, org.springframework.web.filter.CorsFilter@16fd9e4a, org.springframework.security.web.csrf.CsrfFilter@4771eb46, org.springframework.security.web.authentication.logout.LogoutFilter@26d0164b, org.springframework.security.web.authentication.UsernamePasswordAuthenticationFilter@5c58f239, org.springframework.security.web.savedrequest.RequestCacheAwareFilter@3ba5512a, org.springframework.security.web.servletapi.SecurityContextHolderAwareRequestFilter@7dd0a15d, org.springframework.security.web.authentication.AnonymousAuthenticationFilter@d2f7f96, org.springframework.security.web.access.ExceptionTranslationFilter@69d5fcc7, org.springframework.security.web.access.intercept.AuthorizationFilter@4fcfaa53]
2024-02-02 18:17:56.665  INFO 1688 --- [restartedMain] o.s.b.d.a.OptionalLiveReloadServer       : LiveReload server is running on port 35729
2024-02-02 18:17:56.673  INFO 1688 --- [restartedMain] o.s.b.w.embedded.tomcat.TomcatWebServer  : Tomcat started on port 8585 (http) with context path ''
2024-02-02 18:17:56.679  INFO 1688 --- [restartedMain] com.mysit.sbb.SbbApplication             : Started SbbApplication in 0.655 seconds (process running for 1849.266)
2024-02-02 18:17:56.681  INFO 1688 --- [restartedMain] .ConditionEvaluationDeltaLoggingListener : Condition evaluation unchanged
2024-02-02 18:18:15.280  INFO 1688 --- [http-nio-8585-exec-1] o.a.c.c.C.[Tomcat].[localhost].[/]       : Initializing Spring DispatcherServlet 'dispatcherServlet'
2024-02-02 18:18:15.280  INFO 1688 --- [http-nio-8585-exec-1] o.s.web.servlet.DispatcherServlet        : Initializing Servlet 'dispatcherServlet'
2024-02-02 18:18:15.282  INFO 1688 --- [http-nio-8585-exec-1] o.s.web.servlet.DispatcherServlet        : Completed initialization in 2 ms
2024-02-02 18:18:15.313  INFO 1688 --- [http-nio-8585-exec-2] c.mysit.sbb.question.QuestionController  : page0, kw:
2024-02-02 18:18:26.345  INFO 1688 --- [http-nio-8585-exec-4] c.mysit.sbb.question.QuestionController  : page0, kw:
2024-02-02 18:21:31.373  INFO 1688 --- [RMI TCP Connection(49)-127.0.0.1] inMXBeanRegistrar$SpringApplicationAdmin : Application shutdown requested.
2024-02-02 18:21:31.383  INFO 1688 --- [RMI TCP Connection(49)-127.0.0.1] j.LocalContainerEntityManagerFactoryBean : Closing JPA EntityManagerFactory for persistence unit 'default'
2024-02-02 18:21:31.383  INFO 1688 --- [RMI TCP Connection(49)-127.0.0.1] com.zaxxer.hikari.HikariDataSource       : HikariPool-2 - Shutdown initiated...
2024-02-02 18:21:31.607  INFO 1688 --- [RMI TCP Connection(49)-127.0.0.1] com.zaxxer.hikari.HikariDataSource       : HikariPool-2 - Shutdown completed.
